<?xml version="1.0" encoding="UTF-8"?>
<!-- Generated by org.testng.reporters.JUnitReportReporter -->
<testsuite hostname="Abhijith" failures="0" tests="5" name="testng.AnnotationAttributes" time="24.109" errors="0" timestamp="2025-06-09T13:25:42 IST" skipped="1">
  <testcase classname="testng.AnnotationAttributes" name="register" time="6.342">
    <system-out>
      <![CDATA[Registered successfully]]>
    </system-out>
  </testcase> <!-- register -->
  <testcase classname="testng.AnnotationAttributes" name="register" time="6.232">
    <system-out>
      <![CDATA[Registered successfully]]>
    </system-out>
  </testcase> <!-- register -->
  <testcase classname="testng.AnnotationAttributes" name="register" time="6.393">
    <system-out>
      <![CDATA[Registered successfully]]>
    </system-out>
  </testcase> <!-- register -->
  <testcase classname="testng.AnnotationAttributes" name="register" time="5.142">
    <system-out>
      <![CDATA[Registered successfully]]>
    </system-out>
  </testcase> <!-- register -->
  <testcase classname="testng.AnnotationAttributes" name="login">
    <skipped/>
  </testcase> <!-- login -->
  <system-out>
    <![CDATA[Registered successfully
Registered successfully
Registered successfully
Registered successfully]]>
  </system-out>
</testsuite> <!-- testng.AnnotationAttributes -->
