<?xml version="1.0" encoding="UTF-8"?>
<!-- Generated by org.testng.reporters.JUnitReportReporter -->
<testsuite hostname="Abhijith" failures="0" tests="2" name="testng.ToLearnTestNG" time="0.012" errors="0" timestamp="2025-06-06T13:45:16 IST" skipped="0">
  <testcase classname="testng.ToLearnTestNG" name="demo" time="0.011">
    <system-out>
      <![CDATA[demo test case executed]]>
    </system-out>
  </testcase> <!-- demo -->
  <testcase classname="testng.ToLearnTestNG" name="sample" time="0.001">
    <system-out>
      <![CDATA[Sample test case executed]]>
    </system-out>
  </testcase> <!-- sample -->
  <system-out>
    <![CDATA[demo test case executed
Sample test case executed]]>
  </system-out>
</testsuite> <!-- testng.ToLearnTestNG -->
