<?xml version="1.0" encoding="UTF-8"?>
<!-- Generated by org.testng.reporters.JUnitReportReporter -->
<testsuite hostname="Abhijith" failures="0" tests="1" name="testng.TestScript3" time="3.283" errors="0" timestamp="2025-06-13T13:39:24 IST" skipped="0">
  <testcase classname="testng.TestScript3" name="clickOnElectronics" time="3.283">
    <system-out>
      <![CDATA[Electronics page is displayed]]>
    </system-out>
  </testcase> <!-- clickOnElectronics -->
  <system-out>
    <![CDATA[Electronics page is displayed
Computers page is displayed
Books page is displayed]]>
  </system-out>
</testsuite> <!-- testng.TestScript3 -->
