<?xml version="1.0" encoding="UTF-8"?>
<!-- Generated by org.testng.reporters.JUnitReportReporter -->
<testsuite hostname="Abhijith" failures="0" tests="4" name="dataprovider.ToLearnDataProvider" time="9.681" errors="0" timestamp="2025-06-17T13:23:49 IST" skipped="0">
  <testcase classname="dataprovider.ToLearnDataProvider" name="login" time="3.468"/>
  <testcase classname="dataprovider.ToLearnDataProvider" name="login" time="2.033"/>
  <testcase classname="dataprovider.ToLearnDataProvider" name="login" time="2.309"/>
  <testcase classname="dataprovider.ToLearnDataProvider" name="login" time="1.871"/>
</testsuite> <!-- dataprovider.ToLearnDataProvider -->
