<?xml version="1.0" encoding="UTF-8"?>
<!-- Generated by org.testng.reporters.JUnitReportReporter -->
<testsuite hostname="Abhijith" failures="0" tests="1" name="testng.Yamaha" time="5.681" errors="0" timestamp="2025-06-12T12:17:43 IST" skipped="0">
  <testcase classname="testng.Yamaha" name="launch" time="5.681">
    <system-out>
      <![CDATA[Yamaha launched]]>
    </system-out>
  </testcase> <!-- launch -->
  <system-out>
    <![CDATA[Suzuki launched
Yamaha launched
Ducati launched]]>
  </system-out>
</testsuite> <!-- testng.Yamaha -->
