<?xml version="1.0" encoding="UTF-8"?>
<!-- Generated by org.testng.reporters.JUnitReportReporter -->
<testsuite hostname="Abhijith" failures="0" tests="1" name="testng.Suzuki" time="3.823" errors="0" timestamp="2025-06-12T12:17:43 IST" skipped="0">
  <testcase classname="testng.Suzuki" name="launch" time="3.823">
    <system-out>
      <![CDATA[Suzuki launched]]>
    </system-out>
  </testcase> <!-- launch -->
  <system-out>
    <![CDATA[Suzuki launched
Yamaha launched
Ducati launched]]>
  </system-out>
</testsuite> <!-- testng.Suzuki -->
